     1                                  ; haribote-os 
     2                                  ; TAB=4
     3                                  
     4                                  BOTPAK	EQU	0x00280000	; destination of loading bootpack
     5                                  DSKCAC	EQU	0x00100000	; start address of disk cache
     6                                  DSKCAC0	EQU	0x00008000	; start address of disk cache in real mode
     7                                  
     8                                  ; related to BOOT_INFO
     9                                  CYLS	EQU	0x0ff0		; setting boot sector
    10                                  LEDS	EQU	0x0ff1
    11                                  VMODE	EQU	0x0ff2		; how many bit color ?
    12                                  SCRNX	EQU	0x0ff4		; X display resolution
    13                                  SCRNY	EQU	0x0ff6		; Y display resolution
    14                                  VRAM	EQU	0x0ff8		; start address fo graphic buffer
    15                                  
    16                                  	ORG	0xc200		; start address this program is loaded
    17                                  
    18                                  ; display mode settings
    19                                  	
    20 00000000 B013                    	MOV	AL,0x13		; VGA graphics, 320x200x8bit color
    21 00000002 B400                    	MOV	AH,0x00		; fixed value
    22 00000004 CD10                    	INT	0x10
    23 00000006 C606F20F08              	MOV	BYTE [VMODE],8	; store display mode in the following
    24 0000000B C706F40F4001            	MOV	WORD [SCRNX],320
    25 00000011 C706F60FC800            	MOV	WORD [SCRNY],200
    26 00000017 66C706F80F00000A00      	MOV	DWORD [VRAM],0x000a0000
    27                                  
    28                                  ; tell from BIOS the LED status of keyboard
    29                                  
    30 00000020 B402                    	MOV	AH,0x02
    31 00000022 CD16                    	INT	0x16		; keyboard bios
    32 00000024 A2F10F                  	MOV	[LEDS],AL
    33                                  
    34                                  ; make PIC not accept all interruption
    35                                  
    36 00000027 B0FF                    	MOV	AL,0xff
    37 00000029 E621                    	OUT	0x21,AL
    38 0000002B 90                      	NOP
    39 0000002C E6A1                    	OUT	0xa1,AL
    40                                  
    41 0000002E FA                      	CLI			; ban interruption more than cpu level
    42                                  
    43                                  ; setting A20GATE to be able to access more than 1MB memory from cpu
    44                                  
    45 0000002F E8B500                  	CALL	waitkbdout
    46 00000032 B0D1                    	MOV	AL,0xd1
    47 00000034 E664                    	OUT	0x64,AL
    48 00000036 E8AE00                  	CALL	waitkbdout
    49 00000039 B0DF                    	MOV	AL,0xdf		; enable A20
    50 0000003B E660                    	OUT	0x60,AL
    51 0000003D E8A700                  	CALL	waitkbdout
    52                                  
    53                                  ; change to the protect mode
    54                                  
    55                                  ; [INSTRSET "i486p"]		; not necessary when using nasm
    56                                  
    57 00000040 0F0116[2A01]            	LGDT	[GDTR0]		; setting provisional GDT
    58 00000045 0F20C0                  	MOV	EAX,CR0		; getting current CR0 value to EAX
    59 00000048 6625FFFFFF7F            	AND	EAX,0x7fffffff	; bit 31th makes zero(ban to paging functionality)
    60 0000004E 6683C801                	OR	EAX,0x00000001
    61 00000052 0F22C0                  	MOV	CR0,EAX
    62 00000055 EB00                    	JMP	pipelineflush
    63                                  
    64                                  pipelineflush:
    65 00000057 B80800                  	MOV	AX,1*8		; writable segment 32bit
    66 0000005A 8ED8                    	MOV	DS,AX
    67 0000005C 8EC0                    	MOV	ES,AX
    68 0000005E 8EE0                    	MOV	FS,AX
    69 00000060 8EE8                    	MOV	GS,AX
    70 00000062 8ED0                    	MOV	SS,AX
    71                                  
    72                                  ; transferring bootpack code
    73 00000064 66BE[30010000]          	MOV	ESI,bootpack	; source 
    74 0000006A 66BF00002800            	MOV	EDI,BOTPAK	; destination
    75 00000070 66B900000200            	MOV	ECX,512*1024/4	
    76 00000076 E87500                  	CALL	memcpy
    77                                  
    78                                  ; additional, trasferring disk data to original position
    79                                  
    80                                  ; 1st, boot sector
    81 00000079 66BE007C0000            	MOV	ESI,0x7c00	; source
    82 0000007F 66BF00001000            	MOV	EDI,DSKCAC	; destination
    83 00000085 66B980000000            	MOV	ECX,512/4
    84 0000008B E86000                  	CALL	memcpy
    85                                  
    86                                  ; other things(boot sector size is 512 byte, so that...)
    87 0000008E 66BE00820000            	MOV	ESI,DSKCAC0+512	; source
    88 00000094 66BF00021000            	MOV	EDI,DSKCAC+512	; destination
    89 0000009A 66B900000000            	MOV	ECX,0
    90 000000A0 8A0EF00F                	MOV	CL,BYTE [CYLS]
    91 000000A4 6669C900120000          	IMUL	ECX,512*18*2/4
    92 000000AB 6681E980000000          	SUB	ECX,512/4	; minus ipl size
    93 000000B2 E83900                  	CALL	memcpy
    94                                  
    95                                  ; finished writing that must do in nasmhead block
    96                                  ; after this, bootpack block
    97                                  
    98                                  ; launch bootpack
    99 000000B5 66BB00002800            	MOV	EBX,BOTPAK
   100 000000BB 66678B4B10              	MOV	ECX,[EBX+16]
   101 000000C0 6683C103                	ADD	ECX,3		; ECX +=3
   102 000000C4 66C1E902                	SHR	ECX,2		; ECX /=2
   103 000000C8 7410                    	JZ	skip
   104 000000CA 66678B7314              	MOV	ESI,[EBX+20]	; source
   105 000000CF 6601DE                  	ADD	ESI,EBX
   106 000000D2 66678B7B0C              	MOV	EDI,[EBX+12]	; destination
   107 000000D7 E81400                  	CALL	memcpy
   108                                  
   109                                  skip:
   110 000000DA 66678B630C              	MOV	ESP,[EBX+12]	; initialized value of stack
   111 000000DF 66EA1B0000001000        	JMP	DWORD 2*8:0x0000001b
   112                                  
   113                                  waitkbdout:
   114 000000E7 E464                    	IN	AL,0x64
   115 000000E9 2402                    	AND	AL,0x02
   116 000000EB 75FA                    	JNZ	waitkbdout
   117 000000ED C3                      	RET
   118                                  
   119                                  memcpy:
   120 000000EE 66678B06                	MOV	EAX,[ESI]
   121 000000F2 6683C604                	ADD	ESI,4
   122 000000F6 66678907                	MOV	[EDI],EAX
   123 000000FA 6683C704                	ADD	EDI,4
   124 000000FE 6683E901                	SUB	ECX,1
   125 00000102 75EA                    	JNZ	memcpy
   126 00000104 C3                      	RET
   127                                  
   128 00000105 00<rept>                	ALIGNB	16,	DB	0
   129                                  
   130                                  GDT0:
   131 00000110 00<rept>                	TIMES	8	DB	0	; null selector
   132 00000118 FFFF00000092CF00        	DW		0xffff,0x0000,0x9200,0x00cf	; read-writeable segment 32bit
   133 00000120 FFFF0000289A4700        	DW		0xffff,0x0000,0x9a28,0x0047	; executable segment 32bit for bootpack
   134 00000128 0000                    	DW	0
   135                                  
   136                                  GDTR0:
   137 0000012A 1700                    	DW	8*3-1
   138 0000012C [10010000]              	DD	GDT0
   139                                  	ALIGNB	16,	DB	0
   140                                  
   141                                  bootpack:
