     1                                  ; haribote-ipl
     2                                  ; TAB=4
     3                                  CYLS	EQU		10
     4                                  	ORG		0x7c00		; where this program is loaded
     5                                  
     6 00000000 EB4E                    	JMP		entry		; jmp operation to boot code entry point
     7 00000002 90                      	DB		0x90		; nop opecode
     8 00000003 48415249424F5445        	DB		"HARIBOTE"	; OEM name
     9 0000000B 0002                    	DW		512		; define size of byte per sector(fixed:512)
    10 0000000D 01                      	DB		1		; define size of sector per cluster(fixed:1)
    11 0000000E 0100                    	DW		1		; start sector of FAT(normaly:1st sector)
    12 00000010 02                      	DB		2		; the number of FAT(fixed:2)
    13 00000011 E000                    	DW		224		; Maximum number of entry in the root directory(normaly:224)
    14 00000013 400B                    	DW		2880		; number of sectors contains in this drive(fixed:2880->1440KB)
    15 00000015 F0                      	DB		0xf0		; Media type(fixed:0xf0,  0xf0 value means removable media)
    16 00000016 0900                    	DW		9		; size of FAT area(fixed:9sector)
    17 00000018 1200                    	DW		18		; sectors per track of storage device(fixed:18sector)
    18 0000001A 0200                    	DW		2		; number of heads(fixed:2)
    19 0000001C 00000000                	DD		0		; number of sectors before the start of partition(not use : 0)
    20 00000020 400B0000                	DD		2880		; number of sectors contains in this drive(fixed:2880)
    21 00000024 000029                  	DB		0,0,0x29	; BIOS INT13h drive num, not used, Extended boot signature:0x29
    22 00000027 FFFFFFFF                	DD		0xffffffff	; Volume Serial number
    23 0000002B 48415249424F54454F-     	DB		"HARIBOTEOS "	; Volume label in ASCII, nann demo E!(11bytes)
    24 00000034 5320               
    25 00000036 4641543132202020        	DB		"FAT12   "	; File system type label, normaly FATXX(8bytes)
    26 0000003E 00<rept>                	TIMES	18	DB	0x00	; not used
    27                                  
    28                                  ; main program
    29                                  
    30                                  entry:					; jmp entry -> EB 4E, ip=0x02, so that entry address is 4E+0x02 = 0x50
    31 00000050 B80000                  	MOV		AX,0
    32 00000053 8ED0                    	MOV		SS,AX
    33 00000055 BC007C                  	MOV		SP,0x7c00
    34 00000058 8ED8                    	MOV		DS,AX
    35                                  
    36                                  ; reading disk
    37 0000005A B82008                  	MOV		AX,0x0820
    38 0000005D 8EC0                    	MOV		ES,AX
    39 0000005F B500                    	MOV		CH,0		; cylinder=0
    40 00000061 B600                    	MOV		DH,0		; head=0
    41 00000063 B102                    	MOV		CL,2		; sector=2
    42                                  
    43                                  readloop:
    44 00000065 BE0000                  	MOV		SI,0		; the regsiter that counts number of reading failure
    45                                  
    46                                  retry:
    47 00000068 B402                    	MOV		AH,0x02		; select mode : AH=0x02 -> reading disk
    48 0000006A B001                    	MOV		AL,1		; number of sector that is read from disk
    49 0000006C BB0000                  	MOV		BX,0		
    50 0000006F B200                    	MOV		DL,0x00		; drive number(0x00 - 0x7f : FDD, 0x80 - 0xff ; HDD)
    51 00000071 CD13                    	INT		0x13		
    52 00000073 7310                    	JNC		next		; when not carry, jump next address
    53 00000075 83C601                  	ADD		SI,1
    54 00000078 83FE05                  	CMP		SI,5		
    55 0000007B 7332                    	JAE		error
    56 0000007D B400                    	MOV		AH,0x00
    57 0000007F B200                    	MOV		DL,0x00
    58 00000081 CD13                    	INT		0x13
    59 00000083 EBE3                    	JMP		retry
    60                                  
    61                                  next:
    62 00000085 8CC0                    	MOV		AX,ES
    63 00000087 83C020                  	ADD		AX,0x0020
    64 0000008A 8EC0                    	MOV		ES,AX
    65 0000008C 80C101                  	ADD		CL,1
    66 0000008F 80F912                  	CMP		CL,18
    67 00000092 76D1                    	JBE		readloop
    68 00000094 B101                    	MOV		CL,1
    69 00000096 80C601                  	ADD		DH,1
    70 00000099 80FE02                  	CMP		DH,2
    71 0000009C 72C7                    	JB		readloop
    72 0000009E B600                    	MOV		DH,0
    73 000000A0 80C501                  	ADD		CH,1
    74 000000A3 80FD0A                  	CMP		CH,CYLS
    75 000000A6 72BD                    	JB		readloop
    76                                  
    77 000000A8 882EF00F                	MOV		[0x0ff0],CH
    78 000000AC E9(00C2)                	JMP		0xc200
    79                                  
    80                                  error:
    81 000000AF BE[C700]                	MOV		SI,msg
    82                                  
    83                                  putloop:
    84 000000B2 8A04                    	MOV		AL,[SI]
    85 000000B4 83C601                  	ADD		SI,1
    86 000000B7 3C00                    	CMP		AL,0
    87 000000B9 7409                    	JE		fin
    88 000000BB B40E                    	MOV		AH,0x0e		; 1 character display function
    89 000000BD BB0F00                  	MOV		BX,15		; color code
    90 000000C0 CD10                    	INT		0x10		; video BIOS call
    91 000000C2 EBEE                    	JMP		putloop
    92                                  fin:
    93 000000C4 F4                      	HLT
    94 000000C5 EBFD                    	JMP		fin
    95                                  
    96                                  msg:
    97 000000C7 0A0A                    	DB		0x0a, 0x0a
    98 000000C9 6C6F6164206572726F-     	DB		"load error"
    99 000000D2 72                 
   100 000000D3 0A                      	DB		0x0a
   101 000000D4 00                      	DB		0
   102                                  
   103 000000D5 00<rept>                	TIMES	0x7dfe-0x7c00-($-$$)	DB	0x00
   104 000001FE 55AA                    	DB		0x55, 0xaa	; Signature value 0xaa55(LE)
   105                                  
